
  .   ____          _            __ _ _
 /\\ / ___'_ __ _ _(_)_ __  __ _ \ \ \ \
( ( )\___ | '_ | '_| | '_ \/ _` | \ \ \ \
 \\/  ___)| |_)| | | | | || (_| |  ) ) ) )
  '  |____| .__|_| |_|_| |_\__, | / / / /
 =========|_|==============|___/=/_/_/_/
 :: Spring Boot ::                (v3.1.2)

2023-11-01T15:27:19.827+05:30  INFO 59629 --- [  restartedMain] com.smart.ContactmanagerApplication      : Starting ContactmanagerApplication using Java 17.0.8.1 with PID 59629 (/home/team/devendra/JavaBackendDevelopment/SpringbootProjects/contactmanager/target/classes started by team in /home/team/devendra/JavaBackendDevelopment/SpringbootProjects/contactmanager)
2023-11-01T15:27:19.830+05:30  INFO 59629 --- [  restartedMain] com.smart.ContactmanagerApplication      : No active profile set, falling back to 1 default profile: "default"
2023-11-01T15:27:19.876+05:30  INFO 59629 --- [  restartedMain] .e.DevToolsPropertyDefaultsPostProcessor : Devtools property defaults active! Set 'spring.devtools.add-properties' to 'false' to disable
2023-11-01T15:27:19.877+05:30  INFO 59629 --- [  restartedMain] .e.DevToolsPropertyDefaultsPostProcessor : For additional web related logging consider setting the 'logging.level.web' property to 'DEBUG'
2023-11-01T15:27:20.380+05:30  INFO 59629 --- [  restartedMain] .s.d.r.c.RepositoryConfigurationDelegate : Bootstrapping Spring Data JPA repositories in DEFAULT mode.
2023-11-01T15:27:20.413+05:30  INFO 59629 --- [  restartedMain] .s.d.r.c.RepositoryConfigurationDelegate : Finished Spring Data repository scanning in 28 ms. Found 2 JPA repository interfaces.
2023-11-01T15:27:20.763+05:30  INFO 59629 --- [  restartedMain] o.s.b.w.embedded.tomcat.TomcatWebServer  : Tomcat initialized with port(s): 8080 (http)
2023-11-01T15:27:20.768+05:30  INFO 59629 --- [  restartedMain] o.apache.catalina.core.StandardService   : Starting service [Tomcat]
2023-11-01T15:27:20.768+05:30  INFO 59629 --- [  restartedMain] o.apache.catalina.core.StandardEngine    : Starting Servlet engine: [Apache Tomcat/10.1.11]
2023-11-01T15:27:20.819+05:30  INFO 59629 --- [  restartedMain] o.a.c.c.C.[Tomcat].[localhost].[/]       : Initializing Spring embedded WebApplicationContext
2023-11-01T15:27:20.821+05:30  INFO 59629 --- [  restartedMain] w.s.c.ServletWebServerApplicationContext : Root WebApplicationContext: initialization completed in 942 ms
2023-11-01T15:27:20.876+05:30  WARN 59629 --- [  restartedMain] o.a.c.c.C.[Tomcat].[localhost].[/]       : Cannot deserialize session attribute [SPRING_SECURITY_CONTEXT] for session [BDE0FA30A63B40F667C927A73DD4498D]
2023-11-01T15:27:20.972+05:30  INFO 59629 --- [  restartedMain] o.hibernate.jpa.internal.util.LogHelper  : HHH000204: Processing PersistenceUnitInfo [name: default]
2023-11-01T15:27:21.006+05:30  INFO 59629 --- [  restartedMain] org.hibernate.Version                    : HHH000412: Hibernate ORM core version 6.2.6.Final
2023-11-01T15:27:21.007+05:30  INFO 59629 --- [  restartedMain] org.hibernate.cfg.Environment            : HHH000406: Using bytecode reflection optimizer
2023-11-01T15:27:21.076+05:30  INFO 59629 --- [  restartedMain] o.h.b.i.BytecodeProviderInitiator        : HHH000021: Bytecode provider name : bytebuddy
2023-11-01T15:27:21.134+05:30  INFO 59629 --- [  restartedMain] o.s.o.j.p.SpringPersistenceUnitInfo      : No LoadTimeWeaver setup: ignoring JPA class transformer
2023-11-01T15:27:21.143+05:30  INFO 59629 --- [  restartedMain] com.zaxxer.hikari.HikariDataSource       : smartcontactmanager - Starting...
2023-11-01T15:27:21.304+05:30  INFO 59629 --- [  restartedMain] com.zaxxer.hikari.pool.HikariPool        : smartcontactmanager - Added connection com.mysql.cj.jdbc.ConnectionImpl@4d898393
2023-11-01T15:27:21.305+05:30  INFO 59629 --- [  restartedMain] com.zaxxer.hikari.HikariDataSource       : smartcontactmanager - Start completed.
2023-11-01T15:27:21.327+05:30  WARN 59629 --- [  restartedMain] org.hibernate.orm.deprecation            : HHH90000026: MySQL57Dialect has been deprecated; use org.hibernate.dialect.MySQLDialect instead
2023-11-01T15:27:21.475+05:30  INFO 59629 --- [  restartedMain] o.h.b.i.BytecodeProviderInitiator        : HHH000021: Bytecode provider name : bytebuddy
2023-11-01T15:27:21.835+05:30  INFO 59629 --- [  restartedMain] o.h.e.t.j.p.i.JtaPlatformInitiator       : HHH000490: Using JtaPlatform implementation: [org.hibernate.engine.transaction.jta.platform.internal.NoJtaPlatform]
2023-11-01T15:27:21.881+05:30  INFO 59629 --- [  restartedMain] j.LocalContainerEntityManagerFactoryBean : Initialized JPA EntityManagerFactory for persistence unit 'default'
2023-11-01T15:27:22.122+05:30  INFO 59629 --- [  restartedMain] o.s.d.j.r.query.QueryEnhancerFactory     : Hibernate is in classpath; If applicable, HQL parser will be used.
2023-11-01T15:27:22.514+05:30  WARN 59629 --- [  restartedMain] JpaBaseConfiguration$JpaWebConfiguration : spring.jpa.open-in-view is enabled by default. Therefore, database queries may be performed during view rendering. Explicitly configure spring.jpa.open-in-view to disable this warning
2023-11-01T15:27:22.750+05:30  INFO 59629 --- [  restartedMain] o.s.s.web.DefaultSecurityFilterChain     : Will secure any request with [org.springframework.security.web.session.DisableEncodeUrlFilter@6aa47142, org.springframework.security.web.context.request.async.WebAsyncManagerIntegrationFilter@27baf323, org.springframework.security.web.context.SecurityContextHolderFilter@656084f7, org.springframework.security.web.header.HeaderWriterFilter@36b2c99, org.springframework.security.web.authentication.logout.LogoutFilter@7b6f3d2e, org.springframework.security.web.authentication.UsernamePasswordAuthenticationFilter@69f494e9, org.springframework.security.web.savedrequest.RequestCacheAwareFilter@376f6f8, org.springframework.security.web.servletapi.SecurityContextHolderAwareRequestFilter@5558a690, org.springframework.security.web.authentication.AnonymousAuthenticationFilter@1b746531, org.springframework.security.web.access.ExceptionTranslationFilter@214ed2d3, org.springframework.security.web.access.intercept.AuthorizationFilter@4f6a2ab5]
2023-11-01T15:27:22.937+05:30  INFO 59629 --- [  restartedMain] o.s.b.d.a.OptionalLiveReloadServer       : LiveReload server is running on port 35729
2023-11-01T15:27:22.967+05:30  INFO 59629 --- [  restartedMain] o.s.b.w.embedded.tomcat.TomcatWebServer  : Tomcat started on port(s): 8080 (http) with context path ''
2023-11-01T15:27:22.976+05:30  INFO 59629 --- [  restartedMain] com.smart.ContactmanagerApplication      : Started ContactmanagerApplication in 3.32 seconds (process running for 3.644)
2023-11-01T15:28:17.990+05:30  INFO 59629 --- [nio-8080-exec-1] o.a.c.c.C.[Tomcat].[localhost].[/]       : Initializing Spring DispatcherServlet 'dispatcherServlet'
2023-11-01T15:28:17.990+05:30  INFO 59629 --- [nio-8080-exec-1] o.s.web.servlet.DispatcherServlet        : Initializing Servlet 'dispatcherServlet'
2023-11-01T15:28:17.991+05:30  INFO 59629 --- [nio-8080-exec-1] o.s.web.servlet.DispatcherServlet        : Completed initialization in 0 ms
User [id=403, username=Devendra kumar pal, email=devendra.kumar@cavisson.com, passwd=$2a$10$Gz6baLy0q3tQsT02sh9r2.8JKWFGiisVo72xeUCjejtJ9yJ/nxS3y, role=ROLE_USER, enabled=true, imageurl=default.png, about=Inspector in UP police., conatcts=[]]
Devendra kumar pal you are successfully loged in
userName --->>> devendra.kumar@cavisson.com
Today date is 01/11/2023 15:28:20
Successfully write the content
Today date is 01/11/2023 15:28:20
Successfully write the content
Today date is 01/11/2023 15:28:20
Successfully write the content
Logs write successfully
2023-11-01T15:29:44.714+05:30  INFO 59629 --- [ionShutdownHook] j.LocalContainerEntityManagerFactoryBean : Closing JPA EntityManagerFactory for persistence unit 'default'
2023-11-01T15:29:44.716+05:30  INFO 59629 --- [ionShutdownHook] com.zaxxer.hikari.HikariDataSource       : smartcontactmanager - Shutdown initiated...
2023-11-01T15:29:44.719+05:30  INFO 59629 --- [ionShutdownHook] com.zaxxer.hikari.HikariDataSource       : smartcontactmanager - Shutdown completed.
